<?xml version="1.0" encoding="UTF-8"?>
<!-- Generated by org.testng.reporters.JUnitXMLReporter -->
<testsuite hostname="elcot-PC" ignored="0" name="Test" tests="2" failures="1" timestamp="21 Jul 2018 14:04:11 GMT" time="20.531" errors="0">
  <testcase name="@BeforeMethod login" time="20.299" classname="wdMethods.ProjectMethods">
    <failure type="java.lang.NullPointerException">
      <![CDATA[java.lang.NullPointerException
at wdMethods.SeMethods.takeSnap(SeMethods.java:339)
at wdMethods.SeMethods.startApp(SeMethods.java:55)
at wdMethods.ProjectMethods.login(ProjectMethods.java:11)
at java.util.concurrent.ThreadPoolExecutor.runWorker(Unknown Source)
at java.util.concurrent.ThreadPoolExecutor$Worker.run(Unknown Source)
at java.lang.Thread.run(Unknown Source)
... Removed 13 stack frames]]>
    </failure>
  </testcase> <!-- @BeforeMethod login -->
  <testcase name="@AfterMethod closebrws" time="0.0" classname="wdMethods.ProjectMethods">
    <skipped/>
  </testcase> <!-- @AfterMethod closebrws -->
  <testcase name="flipkart" time="19.11" classname="ProjectMedium.Flipkart">
    <failure type="java.lang.NullPointerException">
      <![CDATA[java.lang.NullPointerException
at wdMethods.SeMethods.takeSnap(SeMethods.java:339)
at wdMethods.SeMethods.startApp(SeMethods.java:55)
at ProjectMedium.Flipkart.flipkart(Flipkart.java:12)
at java.util.concurrent.ThreadPoolExecutor.runWorker(Unknown Source)
at java.util.concurrent.ThreadPoolExecutor$Worker.run(Unknown Source)
at java.lang.Thread.run(Unknown Source)
... Removed 10 stack frames]]>
    </failure>
  </testcase> <!-- flipkart -->
  <testcase name="createContact" time="0.0" classname="ProjectMedium.CreateContact">
    <skipped/>
  </testcase> <!-- createContact -->
</testsuite> <!-- Test -->
